<?xml version="1.0" encoding="UTF-8"?>
<!-- Generated by org.testng.reporters.JUnitReportReporter -->
<testsuite hostname="DESKTOP-SSS5PN9" failures="0" tests="1" name="testCases.TC_007_PtoductCompare" time="16.052" errors="0" timestamp="2022-10-06T00:10:06 CEST" skipped="0">
  <testcase classname="testCases.TC_007_PtoductCompare" name="test_productcompare" time="16.052"/>
  <system-out/>
</testsuite> <!-- testCases.TC_007_PtoductCompare -->
