<?xml version="1.0" encoding="UTF-8"?>
<!-- Generated by org.testng.reporters.JUnitReportReporter -->
<testsuite hostname="DESKTOP-SSS5PN9" failures="0" tests="1" name="testCases.TC_009_ForgotPassword" time="4.605" errors="0" timestamp="2022-10-21T18:07:06 CEST" skipped="0">
  <testcase classname="testCases.TC_009_ForgotPassword" name="Forgotpassword" time="4.605"/>
  <system-out/>
</testsuite> <!-- testCases.TC_009_ForgotPassword -->
