<?xml version="1.0" encoding="UTF-8"?>
<!-- Generated by org.testng.reporters.JUnitReportReporter -->
<testsuite hostname="DESKTOP-SSS5PN9" failures="0" tests="1" name="testCases.TC_008_ProductDisplayPage" time="13.510" errors="0" timestamp="2022-10-15T23:16:19 CEST" skipped="0">
  <testcase classname="testCases.TC_008_ProductDisplayPage" name="test_productdisplay" time="13.510"/>
  <system-out/>
</testsuite> <!-- testCases.TC_008_ProductDisplayPage -->
