<?xml version="1.0" encoding="UTF-8"?>
<!-- Generated by org.testng.reporters.JUnitReportReporter -->
<testsuite hostname="DESKTOP-SSS5PN9" failures="0" tests="1" name="testCases.TC_002_Login" time="3.264" errors="0" timestamp="2022-10-05T00:06:46 CEST" skipped="0">
  <testcase classname="testCases.TC_002_Login" name="test_Login" time="3.264"/>
  <system-out/>
</testsuite> <!-- testCases.TC_002_Login -->
