<?xml version="1.0" encoding="UTF-8"?>
<!-- Generated by org.testng.reporters.JUnitReportReporter -->
<testsuite hostname="DESKTOP-SSS5PN9" failures="0" tests="1" name="testCases.TC_002_Login" time="2.992" errors="0" timestamp="2022-10-04T17:20:15 CEST" skipped="0">
  <testcase classname="testCases.TC_002_Login" name="test_Login" time="2.992"/>
  <system-out/>
</testsuite> <!-- testCases.TC_002_Login -->
