<?xml version="1.0" encoding="UTF-8"?>
<!-- Generated by org.testng.reporters.JUnitReportReporter -->
<testsuite hostname="DESKTOP-SSS5PN9" failures="0" tests="1" name="testCases.TC_001_AccountRegistration" time="3.142" errors="0" timestamp="2022-10-05T00:16:32 CEST" skipped="0">
  <testcase classname="testCases.TC_001_AccountRegistration" name="test_accout_Registration" time="3.142"/>
  <system-out/>
</testsuite> <!-- testCases.TC_001_AccountRegistration -->
